 #2                                                                             
 phar:///home/runner/work/slack-channel-protector/slack-channel-protector/dep/ve
 ndor/composer/ClassLoader.php(444): include('/home/runner/wo...')              
 #3                                                                             
 phar:///home/runner/work/slack-channel-protector/slack-channel-protector/dep/ve
 ndor/composer/ClassLoader.php(322): Composer\Autoload\includeFile()            
 #4 [internal function]: Composer\Autoload\ClassLoader->loadClass()             
 #5                                                                             
 /home/runner/work/slack-channel-protector/slack-channel-protector/deploy.php(29
 ): spl_autoload_call()                                                         
 #6                                                                             
 phar:///home/runner/work/slack-channel-protector/slack-channel-protector/dep/sr
 c/Deployer.php(388): require('/home/runner/wo...')                             
 #7 [internal function]: Deployer\Deployer::Deployer\{closure}()                
 #8                                                                             
 phar:///home/runner/work/slack-channel-protector/slack-channel-protector/dep/sr
 c/Deployer.php(396): call_user_func()                                          
 #9                                                                             
 phar:///home/runner/work/slack-channel-protector/slack-channel-protector/dep/sr
 c/Deployer.php(322): Deployer\Deployer::loadRecipe()                           
 #10                                                                            
 phar:///home/runner/work/slack-channel-protector/slack-channel-protector/dep/bi
 n/dep(136): Deployer\Deployer::run()                                           
 #11 /home/runner/work/slack-channel-protector/slack-channel-protector/dep(4):  
 require('phar:///home/ru...')                                                  
 #12 {main}                                                                     

##[error]Process completed with exit code 1.
 deploy